[debug] [2020-05-26T13:53:33.297Z] ----------------------------------------------------------------------
[debug] [2020-05-26T13:53:33.301Z] Command:       C:\Program Files\nodejs\node.exe C:\Users\firm\AppData\Roaming\npm\node_modules\firebase-tools\lib\bin\firebase.js serve --only hosting
[debug] [2020-05-26T13:53:33.301Z] CLI Version:   8.2.0
[debug] [2020-05-26T13:53:33.301Z] Platform:      win32
[debug] [2020-05-26T13:53:33.301Z] Node Version:  v13.0.1
[debug] [2020-05-26T13:53:33.307Z] Time:          Tue May 26 2020 22:53:33 GMT+0900 (日本標準時)
[debug] [2020-05-26T13:53:33.307Z] ----------------------------------------------------------------------
[debug] [2020-05-26T13:53:33.308Z] 
[debug] [2020-05-26T13:53:33.332Z] > command requires scopes: ["email","openid","https://www.googleapis.com/auth/cloudplatformprojects.readonly","https://www.googleapis.com/auth/firebase","https://www.googleapis.com/auth/cloud-platform"]
[debug] [2020-05-26T13:53:33.333Z] > authorizing via signed-in user
[debug] [2020-05-26T13:53:33.333Z] [iam] checking project freight-f4226 for permissions ["firebase.projects.get"]
[debug] [2020-05-26T13:53:33.336Z] > refreshing access token with scopes: ["email","https://www.googleapis.com/auth/cloud-platform","https://www.googleapis.com/auth/cloudplatformprojects.readonly","https://www.googleapis.com/auth/firebase","openid"]
[debug] [2020-05-26T13:53:33.336Z] >>> HTTP REQUEST POST https://www.googleapis.com/oauth2/v3/token  
 <request body omitted>
[debug] [2020-05-26T13:53:33.519Z] <<< HTTP RESPONSE 200 {"content-type":"application/json; charset=utf-8","vary":"X-Origin, Referer, Origin,Accept-Encoding","date":"Tue, 26 May 2020 13:53:35 GMT","server":"scaffolding on HTTPServer2","cache-control":"private","x-xss-protection":"0","x-frame-options":"SAMEORIGIN","x-content-type-options":"nosniff","alt-svc":"h3-27=\":443\"; ma=2592000,h3-25=\":443\"; ma=2592000,h3-T050=\":443\"; ma=2592000,h3-Q050=\":443\"; ma=2592000,h3-Q049=\":443\"; ma=2592000,h3-Q048=\":443\"; ma=2592000,h3-Q046=\":443\"; ma=2592000,h3-Q043=\":443\"; ma=2592000,quic=\":443\"; ma=2592000; v=\"46,43\"","accept-ranges":"none","transfer-encoding":"chunked"}
[debug] [2020-05-26T13:53:33.527Z] >>> HTTP REQUEST POST https://cloudresourcemanager.googleapis.com/v1/projects/freight-f4226:testIamPermissions  
 {"permissions":["firebase.projects.get"]}
[debug] [2020-05-26T13:53:34.695Z] <<< HTTP RESPONSE 200 {"content-type":"application/json; charset=UTF-8","vary":"X-Origin, Referer, Origin,Accept-Encoding","date":"Tue, 26 May 2020 13:53:36 GMT","server":"ESF","cache-control":"private","x-xss-protection":"0","x-frame-options":"SAMEORIGIN","x-content-type-options":"nosniff","server-timing":"gfet4t7; dur=1026","alt-svc":"h3-27=\":443\"; ma=2592000,h3-25=\":443\"; ma=2592000,h3-T050=\":443\"; ma=2592000,h3-Q050=\":443\"; ma=2592000,h3-Q049=\":443\"; ma=2592000,h3-Q048=\":443\"; ma=2592000,h3-Q046=\":443\"; ma=2592000,h3-Q043=\":443\"; ma=2592000,quic=\":443\"; ma=2592000; v=\"46,43\"","accept-ranges":"none","transfer-encoding":"chunked"}
[debug] [2020-05-26T13:53:34.698Z] >>> HTTP REQUEST GET https://firebase.googleapis.com/v1beta1/projects/freight-f4226  
 
[debug] [2020-05-26T13:53:35.105Z] <<< HTTP RESPONSE 200 {"content-type":"application/json; charset=UTF-8","vary":"X-Origin, Referer, Origin,Accept-Encoding","date":"Tue, 26 May 2020 13:53:36 GMT","server":"ESF","cache-control":"private","x-xss-protection":"0","x-frame-options":"SAMEORIGIN","x-content-type-options":"nosniff","alt-svc":"h3-27=\":443\"; ma=2592000,h3-25=\":443\"; ma=2592000,h3-T050=\":443\"; ma=2592000,h3-Q050=\":443\"; ma=2592000,h3-Q049=\":443\"; ma=2592000,h3-Q048=\":443\"; ma=2592000,h3-Q046=\":443\"; ma=2592000,h3-Q043=\":443\"; ma=2592000,quic=\":443\"; ma=2592000; v=\"46,43\"","accept-ranges":"none","transfer-encoding":"chunked"}
[debug] [2020-05-26T13:53:35.108Z] >>> HTTP REQUEST GET https://firebase.googleapis.com/v1beta1/projects/freight-f4226/webApps/-/config  
 
[debug] [2020-05-26T13:53:36.181Z] <<< HTTP RESPONSE 200 {"content-type":"application/json; charset=UTF-8","vary":"X-Origin, Referer, Origin,Accept-Encoding","date":"Tue, 26 May 2020 13:53:37 GMT","server":"ESF","cache-control":"private","x-xss-protection":"0","x-frame-options":"SAMEORIGIN","x-content-type-options":"nosniff","alt-svc":"h3-27=\":443\"; ma=2592000,h3-25=\":443\"; ma=2592000,h3-T050=\":443\"; ma=2592000,h3-Q050=\":443\"; ma=2592000,h3-Q049=\":443\"; ma=2592000,h3-Q048=\":443\"; ma=2592000,h3-Q046=\":443\"; ma=2592000,h3-Q043=\":443\"; ma=2592000,quic=\":443\"; ma=2592000; v=\"46,43\"","accept-ranges":"none","transfer-encoding":"chunked"}
[info] i  hosting: Serving hosting files from: public
[info] +  hosting: Local server: http://localhost:5000
[debug] [2020-05-26T13:58:55.679Z] ----------------------------------------------------------------------
[debug] [2020-05-26T13:58:55.681Z] Command:       C:\Program Files\nodejs\node.exe C:\Users\firm\AppData\Roaming\npm\node_modules\firebase-tools\lib\bin\firebase.js serve --only hosting
[debug] [2020-05-26T13:58:55.681Z] CLI Version:   8.2.0
[debug] [2020-05-26T13:58:55.681Z] Platform:      win32
[debug] [2020-05-26T13:58:55.681Z] Node Version:  v13.0.1
[debug] [2020-05-26T13:58:55.682Z] Time:          Tue May 26 2020 22:58:55 GMT+0900 (日本標準時)
[debug] [2020-05-26T13:58:55.682Z] ----------------------------------------------------------------------
[debug] [2020-05-26T13:58:55.682Z] 
[debug] [2020-05-26T13:58:55.694Z] > command requires scopes: ["email","openid","https://www.googleapis.com/auth/cloudplatformprojects.readonly","https://www.googleapis.com/auth/firebase","https://www.googleapis.com/auth/cloud-platform"]
[debug] [2020-05-26T13:58:55.695Z] > authorizing via signed-in user
[debug] [2020-05-26T13:58:55.695Z] [iam] checking project freight-f4226 for permissions ["firebase.projects.get"]
[debug] [2020-05-26T13:58:55.699Z] >>> HTTP REQUEST POST https://cloudresourcemanager.googleapis.com/v1/projects/freight-f4226:testIamPermissions  
 {"permissions":["firebase.projects.get"]}
[debug] [2020-05-26T13:58:57.114Z] <<< HTTP RESPONSE 200 {"content-type":"application/json; charset=UTF-8","vary":"X-Origin, Referer, Origin,Accept-Encoding","date":"Tue, 26 May 2020 13:58:58 GMT","server":"ESF","cache-control":"private","x-xss-protection":"0","x-frame-options":"SAMEORIGIN","x-content-type-options":"nosniff","server-timing":"gfet4t7; dur=1241","alt-svc":"h3-27=\":443\"; ma=2592000,h3-25=\":443\"; ma=2592000,h3-T050=\":443\"; ma=2592000,h3-Q050=\":443\"; ma=2592000,h3-Q049=\":443\"; ma=2592000,h3-Q048=\":443\"; ma=2592000,h3-Q046=\":443\"; ma=2592000,h3-Q043=\":443\"; ma=2592000,quic=\":443\"; ma=2592000; v=\"46,43\"","accept-ranges":"none","transfer-encoding":"chunked"}
[debug] [2020-05-26T13:58:57.117Z] >>> HTTP REQUEST GET https://firebase.googleapis.com/v1beta1/projects/freight-f4226  
 
[debug] [2020-05-26T13:58:57.477Z] <<< HTTP RESPONSE 200 {"content-type":"application/json; charset=UTF-8","vary":"X-Origin, Referer, Origin,Accept-Encoding","date":"Tue, 26 May 2020 13:58:59 GMT","server":"ESF","cache-control":"private","x-xss-protection":"0","x-frame-options":"SAMEORIGIN","x-content-type-options":"nosniff","alt-svc":"h3-27=\":443\"; ma=2592000,h3-25=\":443\"; ma=2592000,h3-T050=\":443\"; ma=2592000,h3-Q050=\":443\"; ma=2592000,h3-Q049=\":443\"; ma=2592000,h3-Q048=\":443\"; ma=2592000,h3-Q046=\":443\"; ma=2592000,h3-Q043=\":443\"; ma=2592000,quic=\":443\"; ma=2592000; v=\"46,43\"","accept-ranges":"none","transfer-encoding":"chunked"}
[debug] [2020-05-26T13:58:57.480Z] >>> HTTP REQUEST GET https://firebase.googleapis.com/v1beta1/projects/freight-f4226/webApps/-/config  
 
[debug] [2020-05-26T13:58:58.439Z] <<< HTTP RESPONSE 200 {"content-type":"application/json; charset=UTF-8","vary":"X-Origin, Referer, Origin,Accept-Encoding","date":"Tue, 26 May 2020 13:59:00 GMT","server":"ESF","cache-control":"private","x-xss-protection":"0","x-frame-options":"SAMEORIGIN","x-content-type-options":"nosniff","alt-svc":"h3-27=\":443\"; ma=2592000,h3-25=\":443\"; ma=2592000,h3-T050=\":443\"; ma=2592000,h3-Q050=\":443\"; ma=2592000,h3-Q049=\":443\"; ma=2592000,h3-Q048=\":443\"; ma=2592000,h3-Q046=\":443\"; ma=2592000,h3-Q043=\":443\"; ma=2592000,quic=\":443\"; ma=2592000; v=\"46,43\"","accept-ranges":"none","transfer-encoding":"chunked"}
[info] i  hosting: Serving hosting files from: public
[info] +  hosting: Local server: http://localhost:5000
